{"/Users/pedroagont/Developer/webflex-21oct/m08w20/learning-testing/src/main.jsx": {"path":"/Users/pedroagont/Developer/webflex-21oct/m08w20/learning-testing/src/main.jsx","statementMap":{"0":{"start":{"line":5,"column":0},"end":{"line":9,"column":null}}},"fnMap":{},"branchMap":{},"s":{"0":0},"f":{},"b":{}}
,"/Users/pedroagont/Developer/webflex-21oct/m08w20/learning-testing/src/components/App.jsx": {"path":"/Users/pedroagont/Developer/webflex-21oct/m08w20/learning-testing/src/components/App.jsx","statementMap":{"0":{"start":{"line":6,"column":2},"end":{"line":10,"column":null}},"1":{"start":{"line":15,"column":34},"end":{"line":15,"column":null}},"2":{"start":{"line":17,"column":22},"end":{"line":20,"column":null}},"3":{"start":{"line":18,"column":4},"end":{"line":18,"column":null}},"4":{"start":{"line":19,"column":4},"end":{"line":19,"column":null}},"5":{"start":{"line":22,"column":2},"end":{"line":32,"column":null}},"6":{"start":{"line":28,"column":14},"end":{"line":28,"column":null}},"7":{"start":{"line":37,"column":26},"end":{"line":53,"column":null}},"8":{"start":{"line":55,"column":34},"end":{"line":55,"column":null}},"9":{"start":{"line":57,"column":36},"end":{"line":59,"column":null}},"10":{"start":{"line":58,"column":4},"end":{"line":58,"column":null}},"11":{"start":{"line":58,"column":24},"end":{"line":58,"column":49}},"12":{"start":{"line":61,"column":2},"end":{"line":65,"column":null}}},"fnMap":{"0":{"name":"Header","decl":{"start":{"line":5,"column":9},"end":{"line":5,"column":17}},"loc":{"start":{"line":5,"column":17},"end":{"line":12,"column":null}}},"1":{"name":"ProductList","decl":{"start":{"line":14,"column":9},"end":{"line":14,"column":21}},"loc":{"start":{"line":14,"column":58},"end":{"line":34,"column":null}}},"2":{"name":"(anonymous_2)","decl":{"start":{"line":17,"column":22},"end":{"line":17,"column":28}},"loc":{"start":{"line":17,"column":28},"end":{"line":20,"column":null}}},"3":{"name":"(anonymous_3)","decl":{"start":{"line":27,"column":22},"end":{"line":27,"column":null}},"loc":{"start":{"line":28,"column":14},"end":{"line":28,"column":null}}},"4":{"name":"App","decl":{"start":{"line":36,"column":9},"end":{"line":36,"column":15}},"loc":{"start":{"line":36,"column":15},"end":{"line":67,"column":null}}},"5":{"name":"(anonymous_5)","decl":{"start":{"line":57,"column":36},"end":{"line":57,"column":42}},"loc":{"start":{"line":57,"column":42},"end":{"line":59,"column":null}}},"6":{"name":"(anonymous_6)","decl":{"start":{"line":58,"column":16},"end":{"line":58,"column":24}},"loc":{"start":{"line":58,"column":24},"end":{"line":58,"column":49}}}},"branchMap":{"0":{"loc":{"start":{"line":24,"column":38},"end":{"line":24,"column":78}},"type":"cond-expr","locations":[{"start":{"line":24,"column":50},"end":{"line":24,"column":68}},{"start":{"line":24,"column":68},"end":{"line":24,"column":78}}]}},"s":{"0":4,"1":4,"2":4,"3":1,"4":1,"5":4,"6":12,"7":4,"8":4,"9":4,"10":1,"11":1,"12":4},"f":{"0":4,"1":4,"2":1,"3":12,"4":4,"5":1,"6":1},"b":{"0":[3,1]}}
,"/Users/pedroagont/Developer/webflex-21oct/m08w20/learning-testing/src/helpers/sortProductsByPrice.js": {"path":"/Users/pedroagont/Developer/webflex-21oct/m08w20/learning-testing/src/helpers/sortProductsByPrice.js","statementMap":{"0":{"start":{"line":1,"column":28},"end":{"line":4,"column":1}},"1":{"start":{"line":2,"column":25},"end":{"line":2,"column":72}},"2":{"start":{"line":2,"column":54},"end":{"line":2,"column":71}},"3":{"start":{"line":3,"column":2},"end":{"line":3,"column":null}}},"fnMap":{"0":{"name":"(anonymous_0)","decl":{"start":{"line":1,"column":28},"end":{"line":1,"column":29}},"loc":{"start":{"line":1,"column":42},"end":{"line":4,"column":1}}},"1":{"name":"(anonymous_1)","decl":{"start":{"line":2,"column":44},"end":{"line":2,"column":45}},"loc":{"start":{"line":2,"column":54},"end":{"line":2,"column":71}}}},"branchMap":{},"s":{"0":2,"1":2,"2":8,"3":2},"f":{"0":2,"1":8},"b":{}}
}
